# JRE version: Java(TM) SE Runtime Environment (7.0_79-b15) (build 1.7.0_79-b15)
# Java VM: Java HotSpot(TM) 64-Bit Server VM (24.79-b02 mixed mode windows-amd64 compressed oops)
Heap
 PSYoungGen      total 143872K, used 140878K [0x00000000eaa80000, 0x00000000f4180000, 0x0000000100000000)
  eden space 133120K, 100% used [0x00000000eaa80000,0x00000000f2c80000,0x00000000f2c80000)
  from space 10752K, 72% used [0x00000000f3700000,0x00000000f3e93930,0x00000000f4180000)
  to   space 10752K, 85% used [0x00000000f2c80000,0x00000000f3581040,0x00000000f3700000)
 ParOldGen       total 698880K, used 15250K [0x00000000c0000000, 0x00000000eaa80000, 0x00000000eaa80000)
  object space 698880K, 2% used [0x00000000c0000000,0x00000000c0ee4a00,0x00000000eaa80000)
 PSPermGen       total 32768K, used 32516K [0x00000000b0000000, 0x00000000b2000000, 0x00000000c0000000)
  object space 32768K, 99% used [0x00000000b0000000,0x00000000b1fc12c8,0x00000000b2000000)
GC Heap History (10 events):
Event: 12.430 GC heap after
Heap after GC invocations=4 (full 0):
 PSYoungGen      total 38400K, used 5092K [0x00000000eaa80000, 0x00000000ed500000, 0x0000000100000000)
  eden space 33280K, 0% used [0x00000000eaa80000,0x00000000eaa80000,0x00000000ecb00000)
  from space 5120K, 99% used [0x00000000ed000000,0x00000000ed4f90c0,0x00000000ed500000)
  to   space 5120K, 0% used [0x00000000ecb00000,0x00000000ecb00000,0x00000000ed000000)
 ParOldGen       total 86016K, used 9454K [0x00000000c0000000, 0x00000000c5400000, 0x00000000eaa80000)
  object space 86016K, 10% used [0x00000000c0000000,0x00000000c093bb90,0x00000000c5400000)
 PSPermGen       total 21504K, used 21309K [0x00000000b0000000, 0x00000000b1500000, 0x00000000c0000000)
  object space 21504K, 99% used [0x00000000b0000000,0x00000000b14cf498,0x00000000b1500000)
}
Event: 12.697 GC heap before
{Heap before GC invocations=5 (full 0):
 PSYoungGen      total 38400K, used 38372K [0x00000000eaa80000, 0x00000000ed500000, 0x0000000100000000)
  eden space 33280K, 100% used [0x00000000eaa80000,0x00000000ecb00000,0x00000000ecb00000)
  from space 5120K, 99% used [0x00000000ed000000,0x00000000ed4f90c0,0x00000000ed500000)
  to   space 5120K, 0% used [0x00000000ecb00000,0x00000000ecb00000,0x00000000ed000000)
 ParOldGen       total 86016K, used 9454K [0x00000000c0000000, 0x00000000c5400000, 0x00000000eaa80000)
  object space 86016K, 10% used [0x00000000c0000000,0x00000000c093bb90,0x00000000c5400000)
 PSPermGen       total 21504K, used 21311K [0x00000000b0000000, 0x00000000b1500000, 0x00000000c0000000)
  object space 21504K, 99% used [0x00000000b0000000,0x00000000b14cfca0,0x00000000b1500000)
Event: 12.706 GC heap after
Heap after GC invocations=5 (full 0):
 PSYoungGen      total 38400K, used 5092K [0x00000000eaa80000, 0x00000000f0080000, 0x0000000100000000)
  eden space 33280K, 0% used [0x00000000eaa80000,0x00000000eaa80000,0x00000000ecb00000)
  from space 5120K, 99% used [0x00000000ecb00000,0x00000000ecff9100,0x00000000ed000000)
  to   space 10752K, 0% used [0x00000000ef600000,0x00000000ef600000,0x00000000f0080000)
 ParOldGen       total 86016K, used 9766K [0x00000000c0000000, 0x00000000c5400000, 0x00000000eaa80000)
  object space 86016K, 11% used [0x00000000c0000000,0x00000000c0989b90,0x00000000c5400000)
 PSPermGen       total 21504K, used 21311K [0x00000000b0000000, 0x00000000b1500000, 0x00000000c0000000)
  object space 21504K, 99% used [0x00000000b0000000,0x00000000b14cfca0,0x00000000b1500000)
}
Event: 13.011 GC heap before
{Heap before GC invocations=6 (full 0):
 PSYoungGen      total 38400K, used 38372K [0x00000000eaa80000, 0x00000000f0080000, 0x0000000100000000)
  eden space 33280K, 100% used [0x00000000eaa80000,0x00000000ecb00000,0x00000000ecb00000)
  from space 5120K, 99% used [0x00000000ecb00000,0x00000000ecff9100,0x00000000ed000000)
  to   space 10752K, 0% used [0x00000000ef600000,0x00000000ef600000,0x00000000f0080000)
 ParOldGen       total 86016K, used 9766K [0x00000000c0000000, 0x00000000c5400000, 0x00000000eaa80000)
  object space 86016K, 11% used [0x00000000c0000000,0x00000000c0989b90,0x00000000c5400000)
 PSPermGen       total 21504K, used 21313K [0x00000000b0000000, 0x00000000b1500000, 0x00000000c0000000)
  object space 21504K, 99% used [0x00000000b0000000,0x00000000b14d06d8,0x00000000b1500000)
Event: 13.026 GC heap after
Heap after GC invocations=6 (full 0):
 PSYoungGen      total 77312K, used 5560K [0x00000000eaa80000, 0x00000000f0080000, 0x0000000100000000)
  eden space 66560K, 0% used [0x00000000eaa80000,0x00000000eaa80000,0x00000000eeb80000)
  from space 10752K, 51% used [0x00000000ef600000,0x00000000efb6e0e0,0x00000000f0080000)
  to   space 10752K, 0% used [0x00000000eeb80000,0x00000000eeb80000,0x00000000ef600000)
 ParOldGen       total 86016K, used 9766K [0x00000000c0000000, 0x00000000c5400000, 0x00000000eaa80000)
  object space 86016K, 11% used [0x00000000c0000000,0x00000000c0989b90,0x00000000c5400000)
 PSPermGen       total 21504K, used 21313K [0x00000000b0000000, 0x00000000b1500000, 0x00000000c0000000)
  object space 21504K, 99% used [0x00000000b0000000,0x00000000b14d06d8,0x00000000b1500000)
}
Event: 13.570 GC heap before
{Heap before GC invocations=7 (full 0):
 PSYoungGen      total 77312K, used 72120K [0x00000000eaa80000, 0x00000000f0080000, 0x0000000100000000)
  eden space 66560K, 100% used [0x00000000eaa80000,0x00000000eeb80000,0x00000000eeb80000)
  from space 10752K, 51% used [0x00000000ef600000,0x00000000efb6e0e0,0x00000000f0080000)
  to   space 10752K, 0% used [0x00000000eeb80000,0x00000000eeb80000,0x00000000ef600000)
 ParOldGen       total 86016K, used 9766K [0x00000000c0000000, 0x00000000c5400000, 0x00000000eaa80000)
  object space 86016K, 11% used [0x00000000c0000000,0x00000000c0989b90,0x00000000c5400000)
 PSPermGen       total 21504K, used 21316K [0x00000000b0000000, 0x00000000b1500000, 0x00000000c0000000)
  object space 21504K, 99% used [0x00000000b0000000,0x00000000b14d1270,0x00000000b1500000)
Event: 13.581 GC heap after
Heap after GC invocations=7 (full 0):
 PSYoungGen      total 77312K, used 3364K [0x00000000eaa80000, 0x00000000f4180000, 0x0000000100000000)
  eden space 66560K, 0% used [0x00000000eaa80000,0x00000000eaa80000,0x00000000eeb80000)
  from space 10752K, 31% used [0x00000000eeb80000,0x00000000eeec90b0,0x00000000ef600000)
  to   space 10752K, 0% used [0x00000000f3700000,0x00000000f3700000,0x00000000f4180000)
 ParOldGen       total 86016K, used 12626K [0x00000000c0000000, 0x00000000c5400000, 0x00000000eaa80000)
  object space 86016K, 14% used [0x00000000c0000000,0x00000000c0c54890,0x00000000c5400000)
 PSPermGen       total 21504K, used 21316K [0x00000000b0000000, 0x00000000b1500000, 0x00000000c0000000)
  object space 21504K, 99% used [0x00000000b0000000,0x00000000b14d1270,0x00000000b1500000)
}
Event: 14.574 GC heap before
{Heap before GC invocations=8 (full 0):
 PSYoungGen      total 77312K, used 69924K [0x00000000eaa80000, 0x00000000f4180000, 0x0000000100000000)
  eden space 66560K, 100% used [0x00000000eaa80000,0x00000000eeb80000,0x00000000eeb80000)
  from space 10752K, 31% used [0x00000000eeb80000,0x00000000eeec90b0,0x00000000ef600000)
  to   space 10752K, 0% used [0x00000000f3700000,0x00000000f3700000,0x00000000f4180000)
 ParOldGen       total 86016K, used 12626K [0x00000000c0000000, 0x00000000c5400000, 0x00000000eaa80000)
  object space 86016K, 14% used [0x00000000c0000000,0x00000000c0c54890,0x00000000c5400000)
 PSPermGen       total 24576K, used 24226K [0x00000000b0000000, 0x00000000b1800000, 0x00000000c0000000)
  object space 24576K, 98% used [0x00000000b0000000,0x00000000b17a8888,0x00000000b1800000)
Event: 14.585 GC heap after
Heap after GC invocations=8 (full 0):
 PSYoungGen      total 143872K, used 7758K [0x00000000eaa80000, 0x00000000f4180000, 0x0000000100000000)
  eden space 133120K, 0% used [0x00000000eaa80000,0x00000000eaa80000,0x00000000f2c80000)
  from space 10752K, 72% used [0x00000000f3700000,0x00000000f3e93930,0x00000000f4180000)
  to   space 10752K, 0% used [0x00000000f2c80000,0x00000000f2c80000,0x00000000f3700000)
 ParOldGen       total 86016K, used 14746K [0x00000000c0000000, 0x00000000c5400000, 0x00000000eaa80000)
  object space 86016K, 17% used [0x00000000c0000000,0x00000000c0e66a00,0x00000000c5400000)
 PSPermGen       total 24576K, used 24226K [0x00000000b0000000, 0x00000000b1800000, 0x00000000c0000000)
  object space 24576K, 98% used [0x00000000b0000000,0x00000000b17a8888,0x00000000b1800000)
}
Event: 19.050 GC heap before
{Heap before GC invocations=9 (full 0):
 PSYoungGen      total 143872K, used 140878K [0x00000000eaa80000, 0x00000000f4180000, 0x0000000100000000)
  eden space 133120K, 100% used [0x00000000eaa80000,0x00000000f2c80000,0x00000000f2c80000)
  from space 10752K, 72% used [0x00000000f3700000,0x00000000f3e93930,0x00000000f4180000)
  to   space 10752K, 0% used [0x00000000f2c80000,0x00000000f2c80000,0x00000000f3700000)
 ParOldGen       total 86016K, used 14746K [0x00000000c0000000, 0x00000000c5400000, 0x00000000eaa80000)
  object space 86016K, 17% used [0x00000000c0000000,0x00000000c0e66a00,0x00000000c5400000)
 PSPermGen       total 32768K, used 32516K [0x00000000b0000000, 0x00000000b2000000, 0x00000000c0000000)
  object space 32768K, 99% used [0x00000000b0000000,0x00000000b1fc12c8,0x00000000b2000000)

